<?xml version="1.0" encoding="UTF-8"?>
<testsuite name="com.github.iskrenyp.screenrecorder.example.ExampleCustomVideoRecorderSpec" tests="2" skipped="0" failures="0" errors="0" timestamp="2020-02-02T16:33:52" hostname="ipenchev-ThinkPad-E590" time="8.332">
  <properties/>
  <testcase name="Github home page loads_" classname="com.github.iskrenyp.screenrecorder.example.ExampleCustomVideoRecorderSpec" time="3.461"/>
  <testcase name="The Spock Goodies repo exists on Github__" classname="com.github.iskrenyp.screenrecorder.example.ExampleCustomVideoRecorderSpec" time="4.871"/>
  <system-out><![CDATA[]]></system-out>
  <system-err><![CDATA[[Test worker] INFO com.github.iskrenyp.spockscreenrecorder.api.SpockScreenRecorderServiceImpl - Starting configuration for screen recorder with following properties: [graphicsConfiguration:X11GraphicsConfig[dev=X11GraphicsDevice[screen=0],vis=0x46], captureArea:java.awt.Rectangle[x=0,y=0,width=1920,height=1080], fileFormat:Format{mimeType:video/avi,mediaType:FILE}, screenFormat:Format{encoding:tscc,frameRate:15,keyFrameInterval:900,quality:1.0,mediaType:VIDEO,dimZ:24,compressorName:tscc}, mouseFormat:Format{encoding:black,frameRate:30,mediaType:VIDEO}, audioFormat:null, pathToMovieFolder:build/videoFolder]
[Test worker] INFO com.github.iskrenyp.spockscreenrecorder.api.SpockScreenRecorderServiceImpl - Starting video recording...
[Test worker] INFO com.github.iskrenyp.spockscreenrecorder.api.SpockScreenRecorderServiceImpl - Stopping video recording
]]></system-err>
</testsuite>
